TID: [2015-08-13 15:08:06,303]  INFO {org.wso2.carbon.server.extensions.PatchInstaller} -  Patch changes detected  {org.wso2.carbon.server.extensions.PatchInstaller}
TID: [2015-08-13 15:08:06,803]  INFO {org.wso2.carbon.server.util.PatchUtils.console} -  Backed up plugins to patch0000 {org.wso2.carbon.server.util.PatchUtils.console}
TID: [2015-08-13 15:08:07,015]  INFO {org.wso2.carbon.server.util.PatchUtils.console} -  Patch verification started {org.wso2.carbon.server.util.PatchUtils.console}
TID: [2015-08-13 15:08:07,042]  INFO {org.wso2.carbon.server.util.PatchUtils.console} -  Patch verification successfully completed. {org.wso2.carbon.server.util.PatchUtils.console}
TID: [-1234] [] [2015-08-13 15:08:11,937]  INFO {org.wso2.carbon.core.internal.CarbonCoreActivator} -  Starting WSO2 Carbon... {org.wso2.carbon.core.internal.CarbonCoreActivator}
TID: [-1234] [] [2015-08-13 15:08:11,940]  INFO {org.wso2.carbon.core.internal.CarbonCoreActivator} -  Operating System : Linux 3.13.0-62-generic, amd64 {org.wso2.carbon.core.internal.CarbonCoreActivator}
TID: [-1234] [] [2015-08-13 15:08:11,941]  INFO {org.wso2.carbon.core.internal.CarbonCoreActivator} -  Java Home        : /usr/lib/jvm/jdk1.7.0_79/jre {org.wso2.carbon.core.internal.CarbonCoreActivator}
TID: [-1234] [] [2015-08-13 15:08:11,941]  INFO {org.wso2.carbon.core.internal.CarbonCoreActivator} -  Java Version     : 1.7.0_79 {org.wso2.carbon.core.internal.CarbonCoreActivator}
TID: [-1234] [] [2015-08-13 15:08:11,941]  INFO {org.wso2.carbon.core.internal.CarbonCoreActivator} -  Java VM          : Java HotSpot(TM) 64-Bit Server VM 24.79-b02,Oracle Corporation {org.wso2.carbon.core.internal.CarbonCoreActivator}
TID: [-1234] [] [2015-08-13 15:08:11,941]  INFO {org.wso2.carbon.core.internal.CarbonCoreActivator} -  Carbon Home      : /home/vivekananthan/Desktop/ESB/esb-connectors/fileconnector/fileconnector-1.0.0/org.wso2.carbon.connector/target/carbontmp1439458678444/wso2esb-4.9.0-ALPHA {org.wso2.carbon.core.internal.CarbonCoreActivator}
TID: [-1234] [] [2015-08-13 15:08:11,941]  INFO {org.wso2.carbon.core.internal.CarbonCoreActivator} -  Java Temp Dir    : /home/vivekananthan/Desktop/ESB/esb-connectors/fileconnector/fileconnector-1.0.0/org.wso2.carbon.connector/target/carbontmp1439458678444/wso2esb-4.9.0-ALPHA/tmp {org.wso2.carbon.core.internal.CarbonCoreActivator}
TID: [-1234] [] [2015-08-13 15:08:11,941]  INFO {org.wso2.carbon.core.internal.CarbonCoreActivator} -  User             : vivekananthan, en-US, Asia/Colombo {org.wso2.carbon.core.internal.CarbonCoreActivator}
TID: [-1234] [] [2015-08-13 15:08:12,027]  WARN {org.wso2.carbon.core.bootup.validator.util.ValidationResultPrinter} -  Carbon is configured to use the default keystore (wso2carbon.jks). To maximize security when deploying to a production environment, configure a new keystore with a unique password in the production server profile. {org.wso2.carbon.core.bootup.validator.util.ValidationResultPrinter}
TID: [-1] [] [2015-08-13 15:08:12,035]  INFO {org.wso2.carbon.databridge.agent.thrift.AgentHolder} -  Agent created ! {org.wso2.carbon.databridge.agent.thrift.AgentHolder}
TID: [-1] [] [2015-08-13 15:08:12,048]  INFO {org.wso2.carbon.databridge.agent.thrift.internal.AgentDS} -  Successfully deployed Agent Client {org.wso2.carbon.databridge.agent.thrift.internal.AgentDS}
TID: [-1234] [] [2015-08-13 15:08:12,209]  INFO {org.apache.cxf.bus.blueprint.NamespaceHandlerRegisterer} -  Registered blueprint namespace handler for http://cxf.apache.org/blueprint/core {org.apache.cxf.bus.blueprint.NamespaceHandlerRegisterer}
TID: [-1234] [] [2015-08-13 15:08:12,209]  INFO {org.apache.cxf.bus.blueprint.NamespaceHandlerRegisterer} -  Registered blueprint namespace handler for http://cxf.apache.org/configuration/beans {org.apache.cxf.bus.blueprint.NamespaceHandlerRegisterer}
TID: [-1234] [] [2015-08-13 15:08:12,209]  INFO {org.apache.cxf.bus.blueprint.NamespaceHandlerRegisterer} -  Registered blueprint namespace handler for http://cxf.apache.org/configuration/parameterized-types {org.apache.cxf.bus.blueprint.NamespaceHandlerRegisterer}
TID: [-1234] [] [2015-08-13 15:08:12,209]  INFO {org.apache.cxf.bus.blueprint.NamespaceHandlerRegisterer} -  Registered blueprint namespace handler for http://cxf.apache.org/configuration/security {org.apache.cxf.bus.blueprint.NamespaceHandlerRegisterer}
TID: [-1234] [] [2015-08-13 15:08:12,209]  INFO {org.apache.cxf.bus.blueprint.NamespaceHandlerRegisterer} -  Registered blueprint namespace handler for http://schemas.xmlsoap.org/wsdl/ {org.apache.cxf.bus.blueprint.NamespaceHandlerRegisterer}
TID: [-1234] [] [2015-08-13 15:08:12,209]  INFO {org.apache.cxf.bus.blueprint.NamespaceHandlerRegisterer} -  Registered blueprint namespace handler for http://www.w3.org/2005/08/addressing {org.apache.cxf.bus.blueprint.NamespaceHandlerRegisterer}
TID: [-1234] [] [2015-08-13 15:08:12,209]  INFO {org.apache.cxf.bus.blueprint.NamespaceHandlerRegisterer} -  Registered blueprint namespace handler for http://schemas.xmlsoap.org/ws/2004/08/addressing {org.apache.cxf.bus.blueprint.NamespaceHandlerRegisterer}
TID: [-1234] [] [2015-08-13 15:08:13,640]  INFO {org.wso2.carbon.registry.core.jdbc.EmbeddedRegistryService} -  Configured Registry in 152ms {org.wso2.carbon.registry.core.jdbc.EmbeddedRegistryService}
TID: [-1234] [] [2015-08-13 15:08:13,858]  INFO {org.wso2.carbon.registry.core.internal.RegistryCoreServiceComponent} -  Registry Mode    : READ-WRITE {org.wso2.carbon.registry.core.internal.RegistryCoreServiceComponent}
TID: [-1234] [] [2015-08-13 15:08:14,174]  INFO {org.wso2.carbon.user.core.internal.UserStoreMgtDSComponent} -  Carbon UserStoreMgtDSComponent activated successfully. {org.wso2.carbon.user.core.internal.UserStoreMgtDSComponent}
TID: [-1] [] [2015-08-13 15:08:19,445]  INFO {org.apache.catalina.startup.TaglibUriRule} -  TLD skipped. URI: http://tiles.apache.org/tags-tiles is already defined {org.apache.catalina.startup.TaglibUriRule}
TID: [-1234] [] [2015-08-13 15:08:19,895]  INFO {org.apache.axis2.deployment.ClusterBuilder} -  Clustering has been disabled {org.apache.axis2.deployment.ClusterBuilder}
TID: [-1234] [] [2015-08-13 15:08:20,005]  INFO {org.wso2.carbon.identity.user.store.configuration.deployer.UserStoreConfigurationDeployer} -  User Store Configuration Deployer initiated. {org.wso2.carbon.identity.user.store.configuration.deployer.UserStoreConfigurationDeployer}
TID: [-1234] [] [2015-08-13 15:08:20,006]  INFO {org.wso2.carbon.identity.user.store.configuration.deployer.UserStoreConfigurationDeployer} -  User Store Configuration Deployer initiated. {org.wso2.carbon.identity.user.store.configuration.deployer.UserStoreConfigurationDeployer}
TID: [-1234] [] [2015-08-13 15:08:20,013]  INFO {org.apache.synapse.transport.passthru.PassThroughHttpSSLSender} -  Initializing Pass-through HTTP/S Sender... {org.apache.synapse.transport.passthru.PassThroughHttpSSLSender}
TID: [-1234] [] [2015-08-13 15:08:20,027]  INFO {org.apache.synapse.transport.nhttp.config.ClientConnFactoryBuilder} -  HTTPS Loading Identity Keystore from : repository/resources/security/wso2carbon.jks {org.apache.synapse.transport.nhttp.config.ClientConnFactoryBuilder}
TID: [-1234] [] [2015-08-13 15:08:20,031]  INFO {org.apache.synapse.transport.nhttp.config.ClientConnFactoryBuilder} -  HTTPS Loading Trust Keystore from : repository/resources/security/client-truststore.jks {org.apache.synapse.transport.nhttp.config.ClientConnFactoryBuilder}
TID: [-1234] [] [2015-08-13 15:08:20,056]  INFO {org.apache.synapse.transport.passthru.PassThroughHttpSSLSender} -  Pass-through HTTPS Sender started... {org.apache.synapse.transport.passthru.PassThroughHttpSSLSender}
TID: [-1234] [] [2015-08-13 15:08:20,057]  INFO {org.apache.synapse.transport.passthru.PassThroughHttpSender} -  Initializing Pass-through HTTP/S Sender... {org.apache.synapse.transport.passthru.PassThroughHttpSender}
TID: [-1234] [] [2015-08-13 15:08:20,058]  INFO {org.apache.synapse.transport.passthru.PassThroughHttpSender} -  Pass-through HTTP Sender started... {org.apache.synapse.transport.passthru.PassThroughHttpSender}
TID: [-1234] [] [2015-08-13 15:08:20,078]  INFO {org.apache.synapse.transport.passthru.PassThroughHttpSSLListener} -  Initializing Pass-through HTTP/S Listener... {org.apache.synapse.transport.passthru.PassThroughHttpSSLListener}
TID: [-1234] [] [2015-08-13 15:08:20,101]  INFO {org.apache.synapse.transport.passthru.PassThroughHttpListener} -  Initializing Pass-through HTTP/S Listener... {org.apache.synapse.transport.passthru.PassThroughHttpListener}
TID: [-1234] [] [2015-08-13 15:08:20,153]  INFO {org.apache.axis2.deployment.ModuleDeployer} -  Deploying module: addressing-1.6.1-wso2v12 - file:/home/vivekananthan/Desktop/ESB/esb-connectors/fileconnector/fileconnector-1.0.0/org.wso2.carbon.connector/target/carbontmp1439458678444/wso2esb-4.9.0-ALPHA/repository/deployment/client/modules/addressing-1.6.1-wso2v12.mar {org.apache.axis2.deployment.ModuleDeployer}
TID: [-1234] [] [2015-08-13 15:08:20,156]  INFO {org.apache.axis2.deployment.ModuleDeployer} -  Deploying module: rampart-1.6.1-wso2v12 - file:/home/vivekananthan/Desktop/ESB/esb-connectors/fileconnector/fileconnector-1.0.0/org.wso2.carbon.connector/target/carbontmp1439458678444/wso2esb-4.9.0-ALPHA/repository/deployment/client/modules/rampart-1.6.1-wso2v12.mar {org.apache.axis2.deployment.ModuleDeployer}
TID: [-1234] [] [2015-08-13 15:08:20,833]  WARN {org.apache.axis2.description.java2wsdl.DefaultSchemaGenerator} -  We don't support method overloading. Ignoring [validateAudienceRestriction] {org.apache.axis2.description.java2wsdl.DefaultSchemaGenerator}
TID: [-1234] [] [2015-08-13 15:08:21,038]  INFO {org.apache.axis2.deployment.DeploymentEngine} -  Deploying Web service: org.wso2.carbon.message.processor-4.4.1 -  {org.apache.axis2.deployment.DeploymentEngine}
TID: [-1234] [] [2015-08-13 15:08:21,054]  INFO {org.apache.axis2.deployment.DeploymentEngine} -  Deploying Web service: org.wso2.carbon.message.store-4.4.1 -  {org.apache.axis2.deployment.DeploymentEngine}
TID: [-1234] [] [2015-08-13 15:08:21,580]  INFO {org.wso2.carbon.core.deployment.DeploymentInterceptor} -  Deploying Axis2 service: wso2carbon-sts {super-tenant} {org.wso2.carbon.core.deployment.DeploymentInterceptor}
TID: [-1234] [] [2015-08-13 15:08:21,594]  INFO {org.apache.axis2.deployment.DeploymentEngine} -  Deploying Web service: org.wso2.carbon.sts-4.5.0 -  {org.apache.axis2.deployment.DeploymentEngine}
TID: [-1234] [] [2015-08-13 15:08:21,691]  INFO {org.apache.axis2.deployment.DeploymentEngine} -  Deploying Web service: org.wso2.carbon.tryit-4.4.3 -  {org.apache.axis2.deployment.DeploymentEngine}
TID: [-1234] [] [2015-08-13 15:08:21,951]  INFO {org.wso2.carbon.core.init.CarbonServerManager} -  Repository       : /home/vivekananthan/Desktop/ESB/esb-connectors/fileconnector/fileconnector-1.0.0/org.wso2.carbon.connector/target/carbontmp1439458678444/wso2esb-4.9.0-ALPHA/repository/deployment/server/ {org.wso2.carbon.core.init.CarbonServerManager}
TID: [-1234] [] [2015-08-13 15:08:22,007]  INFO {org.wso2.carbon.core.multitenancy.eager.TenantLoadingConfig} -  Using tenant lazy loading policy... {org.wso2.carbon.core.multitenancy.eager.TenantLoadingConfig}
TID: [-1234] [] [2015-08-13 15:08:22,026]  INFO {org.wso2.carbon.core.internal.permission.update.PermissionUpdater} -  Permission cache updated for tenant -1234 {org.wso2.carbon.core.internal.permission.update.PermissionUpdater}
TID: [-1234] [] [2015-08-13 15:08:22,085]  INFO {org.wso2.carbon.mediation.initializer.ServiceBusInitializer} -  Starting ESB... {org.wso2.carbon.mediation.initializer.ServiceBusInitializer}
TID: [-1234] [] [2015-08-13 15:08:22,109]  INFO {org.wso2.carbon.mediation.initializer.ServiceBusInitializer} -  Initializing Apache Synapse... {org.wso2.carbon.mediation.initializer.ServiceBusInitializer}
TID: [-1234] [] [2015-08-13 15:08:22,116]  INFO {org.apache.synapse.SynapseControllerFactory} -  Using Synapse home : /home/vivekananthan/Desktop/ESB/esb-connectors/fileconnector/fileconnector-1.0.0/org.wso2.carbon.connector/target/carbontmp1439458678444/wso2esb-4.9.0-ALPHA/. {org.apache.synapse.SynapseControllerFactory}
TID: [-1234] [] [2015-08-13 15:08:22,117]  INFO {org.apache.synapse.SynapseControllerFactory} -  Using synapse.xml location : /home/vivekananthan/Desktop/ESB/esb-connectors/fileconnector/fileconnector-1.0.0/org.wso2.carbon.connector/target/carbontmp1439458678444/wso2esb-4.9.0-ALPHA/././repository/deployment/server/synapse-configs/default {org.apache.synapse.SynapseControllerFactory}
TID: [-1234] [] [2015-08-13 15:08:22,117]  INFO {org.apache.synapse.SynapseControllerFactory} -  Using server name : localhost {org.apache.synapse.SynapseControllerFactory}
TID: [-1234] [] [2015-08-13 15:08:22,122]  INFO {org.apache.synapse.SynapseControllerFactory} -  The timeout handler will run every : 15s {org.apache.synapse.SynapseControllerFactory}
TID: [-1234] [] [2015-08-13 15:08:22,130]  INFO {org.apache.synapse.Axis2SynapseController} -  Initializing Synapse at : Thu Aug 13 15:08:22 IST 2015 {org.apache.synapse.Axis2SynapseController}
TID: [-1234] [] [2015-08-13 15:08:22,139]  INFO {org.wso2.carbon.mediation.initializer.CarbonSynapseController} -  Loading the mediation configuration from the file system {org.wso2.carbon.mediation.initializer.CarbonSynapseController}
TID: [-1234] [] [2015-08-13 15:08:22,142]  INFO {org.apache.synapse.config.xml.MultiXMLConfigurationBuilder} -  Building synapse configuration from the synapse artifact repository at : ././repository/deployment/server/synapse-configs/default {org.apache.synapse.config.xml.MultiXMLConfigurationBuilder}
TID: [-1234] [] [2015-08-13 15:08:22,146]  INFO {org.apache.synapse.config.xml.XMLConfigurationBuilder} -  Generating the Synapse configuration model by parsing the XML configuration {org.apache.synapse.config.xml.XMLConfigurationBuilder}
TID: [-1234] [] [2015-08-13 15:08:22,259]  INFO {org.apache.synapse.config.SynapseConfigurationBuilder} -  Loaded Synapse configuration from the artifact repository at : ././repository/deployment/server/synapse-configs/default {org.apache.synapse.config.SynapseConfigurationBuilder}
TID: [-1234] [] [2015-08-13 15:08:22,262]  INFO {org.apache.synapse.Axis2SynapseController} -  Loading mediator extensions... {org.apache.synapse.Axis2SynapseController}
TID: [-1234] [] [2015-08-13 15:08:22,268]  INFO {org.wso2.carbon.core.deployment.DeploymentInterceptor} -  Deploying Axis2 service: echo {super-tenant} {org.wso2.carbon.core.deployment.DeploymentInterceptor}
TID: [-1234] [] [2015-08-13 15:08:22,268]  INFO {org.apache.axis2.deployment.DeploymentEngine} -  Deploying Web service: Echo.aar - file:/home/vivekananthan/Desktop/ESB/esb-connectors/fileconnector/fileconnector-1.0.0/org.wso2.carbon.connector/target/carbontmp1439458678444/wso2esb-4.9.0-ALPHA/repository/deployment/server/axis2services/Echo.aar {org.apache.axis2.deployment.DeploymentEngine}
TID: [-1234] [] [2015-08-13 15:08:23,616]  INFO {org.wso2.carbon.core.deployment.DeploymentInterceptor} -  Deploying Axis2 service: SecurityVerifierService {super-tenant} {org.wso2.carbon.core.deployment.DeploymentInterceptor}
TID: [-1234] [] [2015-08-13 15:08:23,616]  INFO {org.apache.axis2.deployment.DeploymentEngine} -  Deploying Web service: SecVerifier.aar - file:/home/vivekananthan/Desktop/ESB/esb-connectors/fileconnector/fileconnector-1.0.0/org.wso2.carbon.connector/target/carbontmp1439458678444/wso2esb-4.9.0-ALPHA/repository/deployment/server/axis2services/SecVerifier.aar {org.apache.axis2.deployment.DeploymentEngine}
TID: [-1234] [] [2015-08-13 15:08:23,623]  INFO {org.wso2.carbon.core.deployment.DeploymentInterceptor} -  Deploying Axis2 service: Version {super-tenant} {org.wso2.carbon.core.deployment.DeploymentInterceptor}
TID: [-1234] [] [2015-08-13 15:08:23,623]  INFO {org.apache.axis2.deployment.DeploymentEngine} -  Deploying Web service: Version.aar - file:/home/vivekananthan/Desktop/ESB/esb-connectors/fileconnector/fileconnector-1.0.0/org.wso2.carbon.connector/target/carbontmp1439458678444/wso2esb-4.9.0-ALPHA/repository/deployment/server/axis2services/Version.aar {org.apache.axis2.deployment.DeploymentEngine}
TID: [-1234] [] [2015-08-13 15:08:23,623]  INFO {org.apache.synapse.Axis2SynapseController} -  Deploying the Synapse service... {org.apache.synapse.Axis2SynapseController}
TID: [-1234] [] [2015-08-13 15:08:23,624]  INFO {org.apache.synapse.Axis2SynapseController} -  Deploying Proxy services... {org.apache.synapse.Axis2SynapseController}
TID: [-1234] [] [2015-08-13 15:08:23,624]  INFO {org.apache.synapse.Axis2SynapseController} -  Deploying EventSources... {org.apache.synapse.Axis2SynapseController}
TID: [-1234] [] [2015-08-13 15:08:23,632]  INFO {org.apache.synapse.ServerManager} -  Server ready for processing... {org.apache.synapse.ServerManager}
TID: [-1234] [] [2015-08-13 15:08:23,717]  INFO {org.wso2.carbon.inbound.endpoint.persistence.InboundEndpointsDataStore} -  Inbound endpoint registry data not found, so re-initializing registry data {org.wso2.carbon.inbound.endpoint.persistence.InboundEndpointsDataStore}
TID: [-1234] [] [2015-08-13 15:08:24,018]  INFO {org.apache.synapse.transport.passthru.PassThroughHttpSSLListener} -  Starting Pass-through HTTPS Listener... {org.apache.synapse.transport.passthru.PassThroughHttpSSLListener}
TID: [-1234] [] [2015-08-13 15:08:24,026]  INFO {org.apache.synapse.transport.passthru.core.PassThroughListeningIOReactorManager} -  Pass-through HTTPS Listener started on 0.0.0.0:8243 {org.apache.synapse.transport.passthru.core.PassThroughListeningIOReactorManager}
TID: [-1234] [] [2015-08-13 15:08:24,026]  INFO {org.apache.synapse.transport.passthru.PassThroughHttpListener} -  Starting Pass-through HTTP Listener... {org.apache.synapse.transport.passthru.PassThroughHttpListener}
TID: [-1234] [] [2015-08-13 15:08:24,030]  INFO {org.apache.synapse.transport.passthru.core.PassThroughListeningIOReactorManager} -  Pass-through HTTP Listener started on 0.0.0.0:8280 {org.apache.synapse.transport.passthru.core.PassThroughListeningIOReactorManager}
TID: [-1234] [] [2015-08-13 15:08:24,037]  INFO {org.apache.tomcat.util.net.NioSelectorPool} -  Using a shared selector for servlet write/read {org.apache.tomcat.util.net.NioSelectorPool}
TID: [-1234] [] [2015-08-13 15:08:24,312]  INFO {org.apache.tomcat.util.net.NioSelectorPool} -  Using a shared selector for servlet write/read {org.apache.tomcat.util.net.NioSelectorPool}
TID: [-1234] [] [2015-08-13 15:08:24,392]  INFO {org.wso2.carbon.ntask.core.service.impl.TaskServiceImpl} -  Task service starting in STANDALONE mode... {org.wso2.carbon.ntask.core.service.impl.TaskServiceImpl}
TID: [-1234] [] [2015-08-13 15:08:24,413]  INFO {org.wso2.carbon.mediation.ntask.NTaskTaskManager} -  Initialized task manager. Tenant [-1234] {org.wso2.carbon.mediation.ntask.NTaskTaskManager}
TID: [-1234] [] [2015-08-13 15:08:24,421]  INFO {org.wso2.carbon.registry.eventing.internal.RegistryEventingServiceComponent} -  Successfully Initialized Eventing on Registry {org.wso2.carbon.registry.eventing.internal.RegistryEventingServiceComponent}
TID: [-1234] [] [2015-08-13 15:08:24,853]  INFO {org.wso2.carbon.core.init.JMXServerManager} -  JMX Service URL  : service:jmx:rmi://localhost:11111/jndi/rmi://localhost:9999/jmxrmi {org.wso2.carbon.core.init.JMXServerManager}
TID: [-1234] [] [2015-08-13 15:08:24,854]  INFO {org.wso2.carbon.core.internal.StartupFinalizerServiceComponent} -  Server           :  WSO2 Enterprise Service Bus-4.9.0 {org.wso2.carbon.core.internal.StartupFinalizerServiceComponent}
TID: [-1234] [] [2015-08-13 15:08:24,855]  INFO {org.wso2.carbon.core.internal.StartupFinalizerServiceComponent} -  WSO2 Carbon started in 18 sec {org.wso2.carbon.core.internal.StartupFinalizerServiceComponent}
TID: [-1234] [] [2015-08-13 15:08:25,124]  INFO {org.wso2.carbon.ui.internal.CarbonUIServiceComponent} -  Mgt Console URL  : https://10.100.7.70:9443/carbon/ {org.wso2.carbon.ui.internal.CarbonUIServiceComponent}
TID: [-1234] [] [2015-08-13 15:08:25,948]  INFO {org.wso2.carbon.core.services.util.CarbonAuthenticationUtil} -  'admin@carbon.super [-1234]' logged in at [2015-08-13 15:08:25,947+0530] {org.wso2.carbon.core.services.util.CarbonAuthenticationUtil}
TID: [-1234] [] [2015-08-13 15:08:28,492]  INFO {org.wso2.carbon.core.services.util.CarbonAuthenticationUtil} -  'admin@carbon.super [-1234]' logged in at [2015-08-13 15:08:28,492+0530] {org.wso2.carbon.core.services.util.CarbonAuthenticationUtil}
TID: [-1234] [] [2015-08-13 15:08:28,649]  INFO {org.wso2.carbon.core.services.util.CarbonAuthenticationUtil} -  'admin@carbon.super [-1234]' logged in at [2015-08-13 15:08:28,649+0530] {org.wso2.carbon.core.services.util.CarbonAuthenticationUtil}
TID: [-1234] [] [2015-08-13 15:08:29,577]  INFO {org.wso2.carbon.core.services.util.CarbonAuthenticationUtil} -  'testuser2@carbon.super [-1234]' logged in at [2015-08-13 15:08:29,576+0530] {org.wso2.carbon.core.services.util.CarbonAuthenticationUtil}
TID: [-1234] [] [2015-08-13 15:08:29,702]  INFO {org.wso2.carbon.core.services.util.CarbonAuthenticationUtil} -  'admin@carbon.super [-1234]' logged in at [2015-08-13 15:08:29,702+0530] {org.wso2.carbon.core.services.util.CarbonAuthenticationUtil}
TID: [-1234] [] [2015-08-13 15:08:39,052]  INFO {org.apache.synapse.deployers.LibraryArtifactDeployer} -  Synapse Library named '{org.wso2.carbon.connector}fileconnector' has been deployed from file : /home/vivekananthan/Desktop/ESB/esb-connectors/fileconnector/fileconnector-1.0.0/org.wso2.carbon.connector/target/carbontmp1439458678444/wso2esb-4.9.0-ALPHA/repository/deployment/server/synapse-libs/fileconnector.zip {org.apache.synapse.deployers.LibraryArtifactDeployer}
TID: [-1234] [] [2015-08-13 15:08:59,828]  INFO {org.apache.synapse.config.xml.SynapseImportFactory} -  Successfully created Synapse Import: fileconnector {org.apache.synapse.config.xml.SynapseImportFactory}
TID: [-1234] [] [2015-08-13 15:09:00,554]  INFO {org.apache.synapse.core.axis2.ProxyService} -  Building Axis service for Proxy service : fileconnector {org.apache.synapse.core.axis2.ProxyService}
TID: [-1234] [] [2015-08-13 15:09:00,556]  INFO {org.apache.synapse.core.axis2.ProxyService} -  Adding service fileconnector to the Axis2 configuration {org.apache.synapse.core.axis2.ProxyService}
TID: [-1234] [] [2015-08-13 15:09:00,556]  INFO {org.wso2.carbon.core.deployment.DeploymentInterceptor} -  Deploying Axis2 service: fileconnector {super-tenant} {org.wso2.carbon.core.deployment.DeploymentInterceptor}
TID: [-1234] [] [2015-08-13 15:09:00,557]  INFO {org.apache.synapse.core.axis2.ProxyService} -  Successfully created the Axis2 service for Proxy service : fileconnector {org.apache.synapse.core.axis2.ProxyService}
TID: [-1] [] [2015-08-13 15:09:00,604] DEBUG {org.apache.synapse.transport.http.wire} -  >> "POST /services/fileconnector HTTP/1.1[\r][\n]" {org.apache.synapse.transport.http.wire}
TID: [-1] [] [2015-08-13 15:09:00,604] DEBUG {org.apache.synapse.transport.http.wire} -  >> "Action: urn:unzip[\r][\n]" {org.apache.synapse.transport.http.wire}
TID: [-1] [] [2015-08-13 15:09:00,605] DEBUG {org.apache.synapse.transport.http.wire} -  >> "Accept-Charset: UTF-8[\r][\n]" {org.apache.synapse.transport.http.wire}
TID: [-1] [] [2015-08-13 15:09:00,605] DEBUG {org.apache.synapse.transport.http.wire} -  >> "Content-Type: application/xml[\r][\n]" {org.apache.synapse.transport.http.wire}
TID: [-1] [] [2015-08-13 15:09:00,605] DEBUG {org.apache.synapse.transport.http.wire} -  >> "User-Agent: Java/1.7.0_79[\r][\n]" {org.apache.synapse.transport.http.wire}
TID: [-1] [] [2015-08-13 15:09:00,605] DEBUG {org.apache.synapse.transport.http.wire} -  >> "Host: localhost:8280[\r][\n]" {org.apache.synapse.transport.http.wire}
TID: [-1] [] [2015-08-13 15:09:00,605] DEBUG {org.apache.synapse.transport.http.wire} -  >> "Accept: text/html, image/gif, image/jpeg, *; q=.2, */*; q=.2[\r][\n]" {org.apache.synapse.transport.http.wire}
TID: [-1] [] [2015-08-13 15:09:00,605] DEBUG {org.apache.synapse.transport.http.wire} -  >> "Connection: keep-alive[\r][\n]" {org.apache.synapse.transport.http.wire}
TID: [-1] [] [2015-08-13 15:09:00,605] DEBUG {org.apache.synapse.transport.http.wire} -  >> "Content-Length: 0[\r][\n]" {org.apache.synapse.transport.http.wire}
TID: [-1] [] [2015-08-13 15:09:00,605] DEBUG {org.apache.synapse.transport.http.wire} -  >> "[\r][\n]" {org.apache.synapse.transport.http.wire}
TID: [-1234] [] [2015-08-13 15:09:00,633]  INFO {org.wso2.carbon.connector.util.FileUnzipUtil} -  Decompressing File {org.wso2.carbon.connector.util.FileUnzipUtil}
TID: [-1] [] [2015-08-13 15:09:00,670] DEBUG {org.apache.synapse.transport.http.wire} -  << "HTTP/1.1 200 OK[\r][\n]" {org.apache.synapse.transport.http.wire}
TID: [-1] [] [2015-08-13 15:09:00,670] DEBUG {org.apache.synapse.transport.http.wire} -  << "Action: urn:unzip[\r][\n]" {org.apache.synapse.transport.http.wire}
TID: [-1] [] [2015-08-13 15:09:00,670] DEBUG {org.apache.synapse.transport.http.wire} -  << "Host: localhost:8280[\r][\n]" {org.apache.synapse.transport.http.wire}
TID: [-1] [] [2015-08-13 15:09:00,670] DEBUG {org.apache.synapse.transport.http.wire} -  << "Accept-Charset: UTF-8[\r][\n]" {org.apache.synapse.transport.http.wire}
TID: [-1] [] [2015-08-13 15:09:00,670] DEBUG {org.apache.synapse.transport.http.wire} -  << "Content-Type: application/xml; charset=UTF-8[\r][\n]" {org.apache.synapse.transport.http.wire}
TID: [-1] [] [2015-08-13 15:09:00,670] DEBUG {org.apache.synapse.transport.http.wire} -  << "Accept: text/html, image/gif, image/jpeg, *; q=.2, */*; q=.2[\r][\n]" {org.apache.synapse.transport.http.wire}
TID: [-1] [] [2015-08-13 15:09:00,670] DEBUG {org.apache.synapse.transport.http.wire} -  << "Date: Thu, 13 Aug 2015 09:39:00 GMT[\r][\n]" {org.apache.synapse.transport.http.wire}
TID: [-1] [] [2015-08-13 15:09:00,671] DEBUG {org.apache.synapse.transport.http.wire} -  << "Transfer-Encoding: chunked[\r][\n]" {org.apache.synapse.transport.http.wire}
TID: [-1] [] [2015-08-13 15:09:00,671] DEBUG {org.apache.synapse.transport.http.wire} -  << "Connection: keep-alive[\r][\n]" {org.apache.synapse.transport.http.wire}
TID: [-1] [] [2015-08-13 15:09:00,671] DEBUG {org.apache.synapse.transport.http.wire} -  << "[\r][\n]" {org.apache.synapse.transport.http.wire}
TID: [-1] [] [2015-08-13 15:09:00,671] DEBUG {org.apache.synapse.transport.http.wire} -  << "28[\r][\n]" {org.apache.synapse.transport.http.wire}
TID: [-1] [] [2015-08-13 15:09:00,671] DEBUG {org.apache.synapse.transport.http.wire} -  << "<result><success>true</success></result>[\r][\n]" {org.apache.synapse.transport.http.wire}
TID: [-1] [] [2015-08-13 15:09:00,671] DEBUG {org.apache.synapse.transport.http.wire} -  << "0[\r][\n]" {org.apache.synapse.transport.http.wire}
TID: [-1] [] [2015-08-13 15:09:00,671] DEBUG {org.apache.synapse.transport.http.wire} -  << "[\r][\n]" {org.apache.synapse.transport.http.wire}
TID: [-1234] [] [2015-08-13 15:09:00,684]  INFO {org.wso2.carbon.core.deployment.DeploymentInterceptor} -  Removing Axis2 Service: fileconnector {super-tenant} {org.wso2.carbon.core.deployment.DeploymentInterceptor}
TID: [-1234] [] [2015-08-13 15:09:00,794]  INFO {org.wso2.carbon.core.services.util.CarbonAuthenticationUtil} -  'admin@carbon.super [-1234]' logged in at [2015-08-13 15:09:00,793+0530] {org.wso2.carbon.core.services.util.CarbonAuthenticationUtil}
TID: [-1234] [] [2015-08-13 15:09:01,795]  INFO {org.wso2.carbon.core.init.CarbonServerManager} -  Shutting down WSO2 Enterprise Service Bus... {org.wso2.carbon.core.init.CarbonServerManager}
TID: [-1234] [] [2015-08-13 15:09:03,797]  INFO {org.wso2.carbon.core.init.CarbonServerManager} -  Shutting down OSGi framework... {org.wso2.carbon.core.init.CarbonServerManager}
TID: [-1234] [] [2015-08-13 15:09:03,931]  INFO {org.apache.synapse.task.SynapseTaskManager} -  Shutting down the task manager {org.apache.synapse.task.SynapseTaskManager}
TID: [-1234] [] [2015-08-13 15:09:03,971]  INFO {org.wso2.carbon.core.init.CarbonServerManager} -  Stopping CarbonServerManager... {org.wso2.carbon.core.init.CarbonServerManager}
TID: [-1234] [] [2015-08-13 15:09:03,973]  INFO {org.apache.synapse.transport.passthru.PassThroughHttpSSLListener} -  Stopping Pass-through HTTPS Listener.. {org.apache.synapse.transport.passthru.PassThroughHttpSSLListener}
TID: [-1234] [] [2015-08-13 15:09:03,974]  INFO {org.apache.synapse.transport.passthru.core.PassThroughListeningIOReactorManager} -  Shutting down IO Reactor bind for port 8243 {org.apache.synapse.transport.passthru.core.PassThroughListeningIOReactorManager}
TID: [-1] [] [2015-08-13 15:09:03,979]  INFO {org.apache.synapse.transport.passthru.core.PassThroughListeningIOReactorManager} -  HTTPS-Listener I/O dispatcher Listener shutdown. {org.apache.synapse.transport.passthru.core.PassThroughListeningIOReactorManager}
TID: [-1234] [] [2015-08-13 15:09:03,979]  INFO {org.apache.synapse.transport.passthru.PassThroughHttpListener} -  Stopping Pass-through HTTP Listener.. {org.apache.synapse.transport.passthru.PassThroughHttpListener}
TID: [-1234] [] [2015-08-13 15:09:03,980]  INFO {org.apache.synapse.transport.passthru.core.PassThroughListeningIOReactorManager} -  Shutting down IO Reactor bind for port 8280 {org.apache.synapse.transport.passthru.core.PassThroughListeningIOReactorManager}
TID: [-1] [] [2015-08-13 15:09:03,983]  INFO {org.apache.synapse.transport.passthru.core.PassThroughListeningIOReactorManager} -  HTTP-Listener I/O dispatcher Listener shutdown. {org.apache.synapse.transport.passthru.core.PassThroughListeningIOReactorManager}
TID: [-1] [] [2015-08-13 15:09:03,985]  INFO {org.apache.synapse.transport.passthru.PassThroughHttpSSLSender} -  HTTPS Sender shutdown {org.apache.synapse.transport.passthru.PassThroughHttpSSLSender}
TID: [-1] [] [2015-08-13 15:09:03,991]  INFO {org.apache.synapse.transport.passthru.PassThroughHttpSender} -  HTTP Sender shutdown {org.apache.synapse.transport.passthru.PassThroughHttpSender}
TID: [-1234] [] [2015-08-13 15:09:03,994]  INFO {org.apache.synapse.transport.passthru.PassThroughHttpSSLListener} -  Destroying PassThroughHttpListener {org.apache.synapse.transport.passthru.PassThroughHttpSSLListener}
TID: [-1234] [] [2015-08-13 15:09:03,995]  INFO {org.apache.synapse.transport.passthru.PassThroughHttpListener} -  Destroying PassThroughHttpListener {org.apache.synapse.transport.passthru.PassThroughHttpListener}
TID: [-1234] [] [2015-08-13 15:09:06,299]  INFO {org.wso2.carbon.tomcat.ext.internal.CarbonTomcatServiceComponent} -  Stopping the carbon web-app registered under : / {org.wso2.carbon.tomcat.ext.internal.CarbonTomcatServiceComponent}
TID: [-1234] [] [2015-08-13 15:09:07,675]  INFO {org.wso2.carbon.registry.indexing.solr.SolrClient} -  Default Embedded Solr Server Initialized {org.wso2.carbon.registry.indexing.solr.SolrClient}
TID: [-1234] [] [2015-08-13 15:09:08,060]  INFO {org.wso2.carbon.core.init.CarbonServerManager} -  Shutdown complete {org.wso2.carbon.core.init.CarbonServerManager}
TID: [-1234] [] [2015-08-13 15:09:08,061]  INFO {org.wso2.carbon.core.init.CarbonServerManager} -  Halting JVM {org.wso2.carbon.core.init.CarbonServerManager}
